<?xml version="1.0" encoding="utf-8"?><testsuites name="pytest tests"><testsuite name="pytest" errors="0" failures="0" skipped="0" tests="33" time="0.200" timestamp="2026-05-27T21:20:55.509026+02:00" hostname="MacBook-Air-von-Sebastian.local"><testcase classname="tests.test_app_db_flow" name="test_save_prompt_writes_prompt_and_initial_version_success" time="0.021" /><testcase classname="tests.test_app_db_flow" name="test_save_prompt_returns_error_when_prompts_insert_fails" time="0.003" /><testcase classname="tests.test_app_db_flow" name="test_save_prompt_returns_error_when_prompt_id_missing" time="0.002" /><testcase classname="tests.test_app_db_flow" name="test_save_prompt_returns_error_when_version_insert_fails" time="0.002" /><testcase classname="tests.test_app_db_flow" name="test_list_prompts_returns_data_on_success" time="0.003" /><testcase classname="tests.test_app_db_flow" name="test_list_prompts_returns_empty_list_without_client_or_on_error" time="0.002" /><testcase classname="tests.test_app_db_flow" name="test_test_supabase_connection_missing_client_and_missing_table" time="0.003" /><testcase classname="tests.test_app_db_flow" name="test_create_tables_handles_missing_database_url" time="0.002" /><testcase classname="tests.test_app_db_flow" name="test_create_tables_success_with_mocked_psycopg2" time="0.003" /><testcase classname="tests.test_prefill_support" name="test_get_field_templates_contains_structuring_blocks" time="0.000" /><testcase classname="tests.test_prefill_support" name="test_extract_prompt_fields_for_llm_prompt" time="0.000" /><testcase classname="tests.test_prefill_support" name="test_extract_prompt_fields_for_agent_prompt" time="0.004" /><testcase classname="tests.test_prefill_support" name="test_extract_between_with_fallback" time="0.000" /><testcase classname="tests.test_prompt_builder" name="test_prompts_directory_exists" time="0.000" /><testcase classname="tests.test_prompt_builder" name="test_list_markdown_files_returns_markdown_files" time="0.000" /><testcase classname="tests.test_prompt_builder" name="test_load_text_file_reads_markdown_content" time="0.000" /><testcase classname="tests.test_prompt_generator" name="test_build_llm_prompt_contains_structured_sections" time="0.000" /><testcase classname="tests.test_prompt_generator" name="test_get_target_options_returns_engineer_targets" time="0.000" /><testcase classname="tests.test_prompt_generator" name="test_tutor_prompt_does_not_include_engineer_only_rules" time="0.000" /><testcase classname="tests.test_prompt_generator" name="test_engineer_prompt_includes_coding_rules" time="0.000" /><testcase classname="tests.test_prompt_generator" name="test_evaluate_llm_prompt_quality_detects_missing_details" time="0.000" /><testcase classname="tests.test_prompt_generator" name="test_evaluate_llm_prompt_quality_rewards_structured_input" time="0.000" /><testcase classname="tests.test_prompt_generator" name="test_build_agent_prompt_uses_agent_structure" time="0.000" /><testcase classname="tests.test_prompt_generator" name="test_evaluate_agent_prompt_quality_detects_missing_fields" time="0.000" /><testcase classname="tests.test_prompt_generator" name="test_get_target_options_raises_for_unknown_persona" time="0.001" /><testcase classname="tests.test_prompt_generator" name="test_load_persona_raises_for_unknown_persona" time="0.000" /><testcase classname="tests.test_prompt_generator" name="test_load_task_template_raises_for_unknown_persona_and_target" time="0.001" /><testcase classname="tests.test_scenario_manager" name="test_create_scenario" time="0.004" /><testcase classname="tests.test_scenario_manager" name="test_update_scenario_creates_new_version" time="0.001" /><testcase classname="tests.test_scenario_manager" name="test_get_scenario_returns_current_and_specific_versions" time="0.001" /><testcase classname="tests.test_scenario_manager" name="test_list_scenarios" time="0.001" /><testcase classname="tests.test_scenario_manager" name="test_create_duplicate_scenario_raises_error" time="0.001" /><testcase classname="tests.test_scenario_manager" name="test_persistence_loads_saved_scenario" time="0.001" /></testsuite></testsuites>